2024-11-22 01:12:23:1223 - [32minfo[39m: [32mAplicação funcionando na porta: 3000[39m
2024-11-22 01:13:05:135 - [32minfo[39m: [32mAplicação funcionando na porta: 3000[39m
2024-11-22 01:13:43:1343 - [32minfo[39m: [32mConectou ao banco de dados :)[39m
2024-11-22 01:13:43:1343 - [32minfo[39m: [32mAplicação funcionando na porta: 3000[39m
2024-11-22 01:14:14:1414 - [31merror[39m: [31mnão foi possivel conectar :([39m
2024-11-22 01:14:14:1414 - [31merror[39m: [31mquerySrv ENOTFOUND _mongodb._tcp.cluster0.rjvd0.mongodb.net[39m
2024-11-22 01:14:14:1414 - [32minfo[39m: [32mAplicação funcionando na porta: 3000[39m
2024-11-22 01:14:20:1420 - [32minfo[39m: [32mConectou ao banco de dados :)[39m
2024-11-22 01:14:20:1420 - [32minfo[39m: [32mAplicação funcionando na porta: 3000[39m
2024-11-22 01:14:46:1446 - [32minfo[39m: [32mConectou ao banco de dados :)[39m
2024-11-22 01:14:46:1446 - [32minfo[39m: [32mAplicação funcionando na porta: 3000[39m
2024-11-22 01:14:55:1455 - [32minfo[39m: [32mConectou ao banco de dados :)[39m
2024-11-22 01:14:55:1455 - [32minfo[39m: [32mAplicação funcionando na porta: 3000[39m
2024-11-22 01:15:10:1510 - [31merror[39m: [31mnão foi possivel conectar :([39m
2024-11-22 01:15:15:1515 - [32minfo[39m: [32mConectou ao banco de dados :)[39m
2024-11-22 01:15:15:1515 - [32minfo[39m: [32mAplicação funcionando na porta: 3000[39m
2024-11-22 01:22:05:225 - [32minfo[39m: [32mConectou ao banco de dados :)[39m
2024-11-22 01:22:05:225 - [32minfo[39m: [32mAplicação funcionando na porta: 3000[39m
2024-11-22 01:22:14:2214 - [32minfo[39m: [32mConectou ao banco de dados :)[39m
2024-11-22 01:22:14:2214 - [32minfo[39m: [32mAplicação funcionando na porta: 3000[39m
2024-11-22 01:22:33:2233 - [32minfo[39m: [32mConectou ao banco de dados :)[39m
2024-11-22 01:22:33:2233 - [32minfo[39m: [32mAplicação funcionando na porta: 3000[39m
2024-11-22 01:22:39:2239 - [32minfo[39m: [32mConectou ao banco de dados :)[39m
2024-11-22 01:22:39:2239 - [32minfo[39m: [32mAplicação funcionando na porta: 3000[39m
2024-11-22 01:23:11:2311 - [32minfo[39m: [32mConectou ao banco de dados :)[39m
2024-11-22 01:23:11:2311 - [32minfo[39m: [32mAplicação funcionando na porta: 3000[39m
2024-11-22 01:23:32:2332 - [32minfo[39m: [32mConectou ao banco de dados :)[39m
2024-11-22 01:23:32:2332 - [32minfo[39m: [32mAplicação funcionando na porta: 3000[39m
2024-11-22 01:23:35:2335 - [32minfo[39m: [32mConectou ao banco de dados :)[39m
2024-11-22 01:23:35:2335 - [32minfo[39m: [32mAplicação funcionando na porta: 3000[39m
2024-11-22 01:23:41:2341 - [35mhttp[39m: [35mGET /api/test 200 12 - 1.554 ms[39m
[35m[39m
2024-11-22 01:38:27:3827 - [32minfo[39m: [32mConectou ao banco de dados :)[39m
2024-11-22 01:38:27:3827 - [32minfo[39m: [32mAplicação funcionando na porta: 3000[39m
2024-11-22 01:42:17:4217 - [32minfo[39m: [32mConectou ao banco de dados :)[39m
2024-11-22 01:42:17:4217 - [32minfo[39m: [32mAplicação funcionando na porta: 3000[39m
2024-11-22 01:42:20:4220 - [32minfo[39m: [32mConectou ao banco de dados :)[39m
2024-11-22 01:42:20:4220 - [32minfo[39m: [32mAplicação funcionando na porta: 3000[39m
2024-11-22 01:42:28:4228 - [32minfo[39m: [32mConectou ao banco de dados :)[39m
2024-11-22 01:42:28:4228 - [32minfo[39m: [32mAplicação funcionando na porta: 3000[39m
2024-11-22 01:42:35:4235 - [32minfo[39m: [32mConectou ao banco de dados :)[39m
2024-11-22 01:42:35:4235 - [32minfo[39m: [32mAplicação funcionando na porta: 3000[39m
2024-11-22 01:42:55:4255 - [32minfo[39m: [32mConectou ao banco de dados :)[39m
2024-11-22 01:42:55:4255 - [32minfo[39m: [32mAplicação funcionando na porta: 3000[39m
2024-11-22 01:42:59:4259 - [32minfo[39m: [32mConectou ao banco de dados :)[39m
2024-11-22 01:42:59:4259 - [32minfo[39m: [32mAplicação funcionando na porta: 3000[39m
2024-11-22 01:43:26:4326 - [32minfo[39m: [32mConectou ao banco de dados :)[39m
2024-11-22 01:43:26:4326 - [32minfo[39m: [32mAplicação funcionando na porta: 3000[39m
2024-11-22 01:43:47:4347 - [32minfo[39m: [32mConectou ao banco de dados :)[39m
2024-11-22 01:43:47:4347 - [32minfo[39m: [32mAplicação funcionando na porta: 3000[39m
2024-11-22 01:44:42:4442 - [32minfo[39m: [32mConectou ao banco de dados :)[39m
2024-11-22 01:44:42:4442 - [32minfo[39m: [32mAplicação funcionando na porta: 3000[39m
2024-11-22 01:44:59:4459 - [32minfo[39m: [32mConectou ao banco de dados :)[39m
2024-11-22 01:44:59:4459 - [32minfo[39m: [32mAplicação funcionando na porta: 3000[39m
2024-11-22 01:45:07:457 - [32minfo[39m: [32mConectou ao banco de dados :)[39m
2024-11-22 01:45:07:457 - [32minfo[39m: [32mAplicação funcionando na porta: 3000[39m
2024-11-22 01:45:18:4518 - [32minfo[39m: [32mConectou ao banco de dados :)[39m
2024-11-22 01:45:18:4518 - [32minfo[39m: [32mAplicação funcionando na porta: 3000[39m
2024-11-22 01:45:31:4531 - [32minfo[39m: [32mConectou ao banco de dados :)[39m
2024-11-22 01:45:31:4531 - [32minfo[39m: [32mAplicação funcionando na porta: 3000[39m
2024-11-22 01:45:34:4534 - [32minfo[39m: [32mConectou ao banco de dados :)[39m
2024-11-22 01:45:34:4534 - [32minfo[39m: [32mAplicação funcionando na porta: 3000[39m
2024-11-22 01:45:56:4556 - [32minfo[39m: [32mConectou ao banco de dados :)[39m
2024-11-22 01:45:56:4556 - [32minfo[39m: [32mAplicação funcionando na porta: 3000[39m
2024-11-22 01:46:07:467 - [32minfo[39m: [32mConectou ao banco de dados :)[39m
2024-11-22 01:46:07:467 - [32minfo[39m: [32mAplicação funcionando na porta: 3000[39m
2024-11-22 01:46:47:4647 - [32minfo[39m: [32mConectou ao banco de dados :)[39m
2024-11-22 01:46:47:4647 - [32minfo[39m: [32mAplicação funcionando na porta: 3000[39m
2024-11-22 01:46:48:4648 - [32minfo[39m: [32mConectou ao banco de dados :)[39m
2024-11-22 01:46:48:4648 - [32minfo[39m: [32mAplicação funcionando na porta: 3000[39m
2024-11-22 01:48:57:4857 - [35mhttp[39m: [35mPOST /api/movie 200 22 - 2.247 ms[39m
[35m[39m
2024-11-22 01:52:01:521 - [32minfo[39m: [32mConectou ao banco de dados :)[39m
2024-11-22 01:52:01:521 - [32minfo[39m: [32mAplicação funcionando na porta: 3000[39m
2024-11-22 01:52:09:529 - [32minfo[39m: [32mConectou ao banco de dados :)[39m
2024-11-22 01:52:09:529 - [32minfo[39m: [32mAplicação funcionando na porta: 3000[39m
2024-11-22 01:52:11:5211 - [32minfo[39m: [32mConectou ao banco de dados :)[39m
2024-11-22 01:52:11:5211 - [32minfo[39m: [32mAplicação funcionando na porta: 3000[39m
2024-11-22 01:52:13:5213 - [32minfo[39m: [32mConectou ao banco de dados :)[39m
2024-11-22 01:52:13:5213 - [32minfo[39m: [32mAplicação funcionando na porta: 3000[39m
2024-11-22 01:52:25:5225 - [32minfo[39m: [32mConectou ao banco de dados :)[39m
2024-11-22 01:52:25:5225 - [32minfo[39m: [32mAplicação funcionando na porta: 3000[39m
2024-11-22 01:52:28:5228 - [32minfo[39m: [32mConectou ao banco de dados :)[39m
2024-11-22 01:52:28:5228 - [32minfo[39m: [32mAplicação funcionando na porta: 3000[39m
2024-11-22 01:52:30:5230 - [32minfo[39m: [32mConectou ao banco de dados :)[39m
2024-11-22 01:52:30:5230 - [32minfo[39m: [32mAplicação funcionando na porta: 3000[39m
2024-11-22 01:52:39:5239 - [32minfo[39m: [32mConectou ao banco de dados :)[39m
2024-11-22 01:52:39:5239 - [32minfo[39m: [32mAplicação funcionando na porta: 3000[39m
2024-11-22 01:52:40:5240 - [32minfo[39m: [32mConectou ao banco de dados :)[39m
2024-11-22 01:52:40:5240 - [32minfo[39m: [32mAplicação funcionando na porta: 3000[39m
2024-11-22 01:52:41:5241 - [32minfo[39m: [32mConectou ao banco de dados :)[39m
2024-11-22 01:52:41:5241 - [32minfo[39m: [32mAplicação funcionando na porta: 3000[39m
2024-11-22 01:52:44:5244 - [32minfo[39m: [32mConectou ao banco de dados :)[39m
2024-11-22 01:52:44:5244 - [32minfo[39m: [32mAplicação funcionando na porta: 3000[39m
2024-11-22 01:52:56:5256 - [32minfo[39m: [32mConectou ao banco de dados :)[39m
2024-11-22 01:52:56:5256 - [32minfo[39m: [32mAplicação funcionando na porta: 3000[39m
2024-11-22 01:53:01:531 - [32minfo[39m: [32mConectou ao banco de dados :)[39m
2024-11-22 01:53:01:531 - [32minfo[39m: [32mAplicação funcionando na porta: 3000[39m
2024-11-22 01:53:08:538 - [32minfo[39m: [32mConectou ao banco de dados :)[39m
2024-11-22 01:53:08:538 - [32minfo[39m: [32mAplicação funcionando na porta: 3000[39m
2024-11-22 01:53:15:5315 - [32minfo[39m: [32mConectou ao banco de dados :)[39m
2024-11-22 01:53:15:5315 - [32minfo[39m: [32mAplicação funcionando na porta: 3000[39m
2024-11-22 01:53:18:5318 - [32minfo[39m: [32mConectou ao banco de dados :)[39m
2024-11-22 01:53:18:5318 - [32minfo[39m: [32mAplicação funcionando na porta: 3000[39m
2024-11-22 01:53:35:5335 - [32minfo[39m: [32mConectou ao banco de dados :)[39m
2024-11-22 01:53:35:5335 - [32minfo[39m: [32mAplicação funcionando na porta: 3000[39m
2024-11-22 01:53:44:5344 - [32minfo[39m: [32mConectou ao banco de dados :)[39m
2024-11-22 01:53:44:5344 - [32minfo[39m: [32mAplicação funcionando na porta: 3000[39m
2024-11-22 01:53:47:5347 - [32minfo[39m: [32mConectou ao banco de dados :)[39m
2024-11-22 01:53:47:5347 - [32minfo[39m: [32mAplicação funcionando na porta: 3000[39m
2024-11-22 01:53:49:5349 - [32minfo[39m: [32mConectou ao banco de dados :)[39m
2024-11-22 01:53:49:5349 - [32minfo[39m: [32mAplicação funcionando na porta: 3000[39m
2024-11-22 01:55:31:5531 - [35mhttp[39m: [35mPOST /api/movie 201 155 - 33.872 ms[39m
[35m[39m
2024-11-22 02:05:03:53 - [32minfo[39m: [32mConectou ao banco de dados :)[39m
2024-11-22 02:05:03:53 - [32minfo[39m: [32mAplicação funcionando na porta: 3000[39m
2024-11-22 02:06:19:619 - [32minfo[39m: [32mConectou ao banco de dados :)[39m
2024-11-22 02:06:19:619 - [32minfo[39m: [32mAplicação funcionando na porta: 3000[39m
2024-11-22 02:06:25:625 - [32minfo[39m: [32mConectou ao banco de dados :)[39m
2024-11-22 02:06:25:625 - [32minfo[39m: [32mAplicação funcionando na porta: 3000[39m
2024-11-22 02:06:29:629 - [32minfo[39m: [32mConectou ao banco de dados :)[39m
2024-11-22 02:06:29:629 - [32minfo[39m: [32mAplicação funcionando na porta: 3000[39m
2024-11-22 02:06:56:656 - [35mhttp[39m: [35mPOST /api/movie 201 151 - 37.902 ms[39m
[35m[39m
2024-11-22 02:09:56:956 - [32minfo[39m: [32mConectou ao banco de dados :)[39m
2024-11-22 02:09:56:956 - [32minfo[39m: [32mAplicação funcionando na porta: 3000[39m
2024-11-22 02:10:54:1054 - [32minfo[39m: [32mConectou ao banco de dados :)[39m
2024-11-22 02:10:54:1054 - [32minfo[39m: [32mAplicação funcionando na porta: 3000[39m
2024-11-22 02:11:01:111 - [32minfo[39m: [32mConectou ao banco de dados :)[39m
2024-11-22 02:11:01:111 - [32minfo[39m: [32mAplicação funcionando na porta: 3000[39m
2024-11-22 02:15:13:1513 - [32minfo[39m: [32mConectou ao banco de dados :)[39m
2024-11-22 02:15:13:1513 - [32minfo[39m: [32mAplicação funcionando na porta: 3000[39m
2024-11-22 02:15:20:1520 - [32minfo[39m: [32mConectou ao banco de dados :)[39m
2024-11-22 02:15:20:1520 - [32minfo[39m: [32mAplicação funcionando na porta: 3000[39m
2024-11-22 02:15:31:1531 - [35mhttp[39m: [35mPOST /api/movie 422 54 - 4.898 ms[39m
[35m[39m
2024-11-22 02:16:07:167 - [32minfo[39m: [32mConectou ao banco de dados :)[39m
2024-11-22 02:16:07:167 - [32minfo[39m: [32mAplicação funcionando na porta: 3000[39m
2024-11-22 02:16:10:1610 - [35mhttp[39m: [35mPOST /api/movie 422 54 - 7.578 ms[39m
[35m[39m
2024-11-22 02:16:14:1614 - [35mhttp[39m: [35mPOST /api/movie 422 54 - 1.106 ms[39m
[35m[39m
2024-11-22 02:16:53:1653 - [32minfo[39m: [32mConectou ao banco de dados :)[39m
2024-11-22 02:16:53:1653 - [32minfo[39m: [32mAplicação funcionando na porta: 3000[39m
2024-11-22 02:18:03:183 - [32minfo[39m: [32mConectou ao banco de dados :)[39m
2024-11-22 02:18:03:183 - [32minfo[39m: [32mAplicação funcionando na porta: 3000[39m
2024-11-22 02:18:08:188 - [32minfo[39m: [32mConectou ao banco de dados :)[39m
2024-11-22 02:18:08:188 - [32minfo[39m: [32mAplicação funcionando na porta: 3000[39m
2024-11-22 02:18:09:189 - [32minfo[39m: [32mConectou ao banco de dados :)[39m
2024-11-22 02:18:09:189 - [32minfo[39m: [32mAplicação funcionando na porta: 3000[39m
2024-11-22 02:18:14:1814 - [32minfo[39m: [32mConectou ao banco de dados :)[39m
2024-11-22 02:18:14:1814 - [32minfo[39m: [32mAplicação funcionando na porta: 3000[39m
2024-11-22 02:18:18:1818 - [32minfo[39m: [32mConectou ao banco de dados :)[39m
2024-11-22 02:18:18:1818 - [32minfo[39m: [32mAplicação funcionando na porta: 3000[39m
2024-11-22 02:18:20:1820 - [32minfo[39m: [32mConectou ao banco de dados :)[39m
2024-11-22 02:18:20:1820 - [32minfo[39m: [32mAplicação funcionando na porta: 3000[39m
2024-11-22 02:18:33:1833 - [32minfo[39m: [32mConectou ao banco de dados :)[39m
2024-11-22 02:18:33:1833 - [32minfo[39m: [32mAplicação funcionando na porta: 3000[39m
2024-11-22 02:18:46:1846 - [32minfo[39m: [32mConectou ao banco de dados :)[39m
2024-11-22 02:18:46:1846 - [32minfo[39m: [32mAplicação funcionando na porta: 3000[39m
2024-11-22 02:18:49:1849 - [32minfo[39m: [32mConectou ao banco de dados :)[39m
2024-11-22 02:18:49:1849 - [32minfo[39m: [32mAplicação funcionando na porta: 3000[39m
2024-11-22 02:18:57:1857 - [32minfo[39m: [32mConectou ao banco de dados :)[39m
2024-11-22 02:18:57:1857 - [32minfo[39m: [32mAplicação funcionando na porta: 3000[39m
2024-11-22 02:18:59:1859 - [32minfo[39m: [32mConectou ao banco de dados :)[39m
2024-11-22 02:18:59:1859 - [32minfo[39m: [32mAplicação funcionando na porta: 3000[39m
2024-11-22 02:19:25:1925 - [35mhttp[39m: [35mPOST /api/movie 422 58 - 7.470 ms[39m
[35m[39m
2024-11-22 02:20:16:2016 - [32minfo[39m: [32mConectou ao banco de dados :)[39m
2024-11-22 02:20:16:2016 - [32minfo[39m: [32mAplicação funcionando na porta: 3000[39m
2024-11-22 02:20:30:2030 - [32minfo[39m: [32mConectou ao banco de dados :)[39m
2024-11-22 02:20:30:2030 - [32minfo[39m: [32mAplicação funcionando na porta: 3000[39m
2024-11-22 02:20:50:2050 - [32minfo[39m: [32mConectou ao banco de dados :)[39m
2024-11-22 02:20:50:2050 - [32minfo[39m: [32mAplicação funcionando na porta: 3000[39m
2024-11-22 02:20:53:2053 - [32minfo[39m: [32mConectou ao banco de dados :)[39m
2024-11-22 02:20:53:2053 - [32minfo[39m: [32mAplicação funcionando na porta: 3000[39m
2024-11-22 02:20:58:2058 - [32minfo[39m: [32mConectou ao banco de dados :)[39m
2024-11-22 02:20:58:2058 - [32minfo[39m: [32mAplicação funcionando na porta: 3000[39m
2024-11-22 02:21:01:211 - [32minfo[39m: [32mConectou ao banco de dados :)[39m
2024-11-22 02:21:01:211 - [32minfo[39m: [32mAplicação funcionando na porta: 3000[39m
2024-11-22 02:21:16:2116 - [32minfo[39m: [32mConectou ao banco de dados :)[39m
2024-11-22 02:21:16:2116 - [32minfo[39m: [32mAplicação funcionando na porta: 3000[39m
2024-11-22 02:21:22:2122 - [32minfo[39m: [32mConectou ao banco de dados :)[39m
2024-11-22 02:21:22:2122 - [32minfo[39m: [32mAplicação funcionando na porta: 3000[39m
2024-11-22 02:21:25:2125 - [32minfo[39m: [32mConectou ao banco de dados :)[39m
2024-11-22 02:21:25:2125 - [32minfo[39m: [32mAplicação funcionando na porta: 3000[39m
2024-11-22 02:21:32:2132 - [35mhttp[39m: [35mPOST /api/movie 422 60 - 9.132 ms[39m
[35m[39m
2024-11-22 02:21:50:2150 - [32minfo[39m: [32mConectou ao banco de dados :)[39m
2024-11-22 02:21:50:2150 - [32minfo[39m: [32mAplicação funcionando na porta: 3000[39m
2024-11-22 02:21:57:2157 - [32minfo[39m: [32mConectou ao banco de dados :)[39m
2024-11-22 02:21:57:2157 - [32minfo[39m: [32mAplicação funcionando na porta: 3000[39m
2024-11-22 02:22:01:221 - [32minfo[39m: [32mConectou ao banco de dados :)[39m
2024-11-22 02:22:01:221 - [32minfo[39m: [32mAplicação funcionando na porta: 3000[39m
2024-11-22 02:22:05:225 - [32minfo[39m: [32mConectou ao banco de dados :)[39m
2024-11-22 02:22:05:225 - [32minfo[39m: [32mAplicação funcionando na porta: 3000[39m
2024-11-22 02:22:14:2214 - [32minfo[39m: [32mConectou ao banco de dados :)[39m
2024-11-22 02:22:14:2214 - [32minfo[39m: [32mAplicação funcionando na porta: 3000[39m
2024-11-22 02:22:21:2221 - [32minfo[39m: [32mConectou ao banco de dados :)[39m
2024-11-22 02:22:21:2221 - [32minfo[39m: [32mAplicação funcionando na porta: 3000[39m
2024-11-22 02:22:23:2223 - [32minfo[39m: [32mConectou ao banco de dados :)[39m
2024-11-22 02:22:23:2223 - [32minfo[39m: [32mAplicação funcionando na porta: 3000[39m
2024-11-22 02:22:29:2229 - [32minfo[39m: [32mConectou ao banco de dados :)[39m
2024-11-22 02:22:29:2229 - [32minfo[39m: [32mAplicação funcionando na porta: 3000[39m
2024-11-22 02:22:36:2236 - [32minfo[39m: [32mConectou ao banco de dados :)[39m
2024-11-22 02:22:36:2236 - [32minfo[39m: [32mAplicação funcionando na porta: 3000[39m
2024-11-22 02:22:41:2241 - [35mhttp[39m: [35mPOST /api/movie 422 58 - 8.338 ms[39m
[35m[39m
2024-11-22 02:23:39:2339 - [32minfo[39m: [32mConectou ao banco de dados :)[39m
2024-11-22 02:23:39:2339 - [32minfo[39m: [32mAplicação funcionando na porta: 3000[39m
2024-11-22 02:23:44:2344 - [32minfo[39m: [32mConectou ao banco de dados :)[39m
2024-11-22 02:23:44:2344 - [32minfo[39m: [32mAplicação funcionando na porta: 3000[39m
2024-11-22 02:23:51:2351 - [32minfo[39m: [32mConectou ao banco de dados :)[39m
2024-11-22 02:23:51:2351 - [32minfo[39m: [32mAplicação funcionando na porta: 3000[39m
2024-11-22 02:24:02:242 - [32minfo[39m: [32mConectou ao banco de dados :)[39m
2024-11-22 02:24:02:242 - [32minfo[39m: [32mAplicação funcionando na porta: 3000[39m
2024-11-22 02:24:10:2410 - [32minfo[39m: [32mConectou ao banco de dados :)[39m
2024-11-22 02:24:10:2410 - [32minfo[39m: [32mAplicação funcionando na porta: 3000[39m
2024-11-22 02:24:16:2416 - [32minfo[39m: [32mConectou ao banco de dados :)[39m
2024-11-22 02:24:16:2416 - [32minfo[39m: [32mAplicação funcionando na porta: 3000[39m
2024-11-22 02:24:31:2431 - [32minfo[39m: [32mConectou ao banco de dados :)[39m
2024-11-22 02:24:31:2431 - [32minfo[39m: [32mAplicação funcionando na porta: 3000[39m
2024-11-22 02:24:34:2434 - [32minfo[39m: [32mConectou ao banco de dados :)[39m
2024-11-22 02:24:34:2434 - [32minfo[39m: [32mAplicação funcionando na porta: 3000[39m
2024-11-22 02:24:40:2440 - [32minfo[39m: [32mConectou ao banco de dados :)[39m
2024-11-22 02:24:40:2440 - [32minfo[39m: [32mAplicação funcionando na porta: 3000[39m
2024-11-22 02:24:43:2443 - [35mhttp[39m: [35mPOST /api/movie 422 62 - 5.027 ms[39m
[35m[39m
2024-11-22 02:25:14:2514 - [32minfo[39m: [32mConectou ao banco de dados :)[39m
2024-11-22 02:25:14:2514 - [32minfo[39m: [32mAplicação funcionando na porta: 3000[39m
2024-11-22 02:25:34:2534 - [32minfo[39m: [32mConectou ao banco de dados :)[39m
2024-11-22 02:25:34:2534 - [32minfo[39m: [32mAplicação funcionando na porta: 3000[39m
2024-11-22 02:25:37:2537 - [32minfo[39m: [32mConectou ao banco de dados :)[39m
2024-11-22 02:25:37:2537 - [32minfo[39m: [32mAplicação funcionando na porta: 3000[39m
2024-11-22 02:25:41:2541 - [32minfo[39m: [32mConectou ao banco de dados :)[39m
2024-11-22 02:25:41:2541 - [32minfo[39m: [32mAplicação funcionando na porta: 3000[39m
2024-11-22 02:25:50:2550 - [32minfo[39m: [32mConectou ao banco de dados :)[39m
2024-11-22 02:25:50:2550 - [32minfo[39m: [32mAplicação funcionando na porta: 3000[39m
2024-11-22 02:26:36:2636 - [35mhttp[39m: [35mPOST /api/movie 422 57 - 8.338 ms[39m
[35m[39m
2024-11-22 02:28:26:2826 - [35mhttp[39m: [35mPOST /api/movie 201 334 - 45.583 ms[39m
[35m[39m
2024-11-22 02:33:31:3331 - [32minfo[39m: [32mConectou ao banco de dados :)[39m
2024-11-22 02:33:31:3331 - [32minfo[39m: [32mAplicação funcionando na porta: 3000[39m
2024-11-22 02:33:39:3339 - [32minfo[39m: [32mConectou ao banco de dados :)[39m
2024-11-22 02:33:39:3339 - [32minfo[39m: [32mAplicação funcionando na porta: 3000[39m
2024-11-22 02:33:45:3345 - [32minfo[39m: [32mConectou ao banco de dados :)[39m
2024-11-22 02:33:45:3345 - [32minfo[39m: [32mAplicação funcionando na porta: 3000[39m
2024-11-22 02:33:52:3352 - [32minfo[39m: [32mConectou ao banco de dados :)[39m
2024-11-22 02:33:52:3352 - [32minfo[39m: [32mAplicação funcionando na porta: 3000[39m
2024-11-22 02:33:57:3357 - [32minfo[39m: [32mConectou ao banco de dados :)[39m
2024-11-22 02:33:57:3357 - [32minfo[39m: [32mAplicação funcionando na porta: 3000[39m
2024-11-22 02:34:02:342 - [32minfo[39m: [32mConectou ao banco de dados :)[39m
2024-11-22 02:34:02:342 - [32minfo[39m: [32mAplicação funcionando na porta: 3000[39m
2024-11-22 02:34:03:343 - [32minfo[39m: [32mConectou ao banco de dados :)[39m
2024-11-22 02:34:03:343 - [32minfo[39m: [32mAplicação funcionando na porta: 3000[39m
2024-11-22 02:34:11:3411 - [32minfo[39m: [32mConectou ao banco de dados :)[39m
2024-11-22 02:34:11:3411 - [32minfo[39m: [32mAplicação funcionando na porta: 3000[39m
2024-11-22 02:34:56:3456 - [32minfo[39m: [32mConectou ao banco de dados :)[39m
2024-11-22 02:34:56:3456 - [32minfo[39m: [32mAplicação funcionando na porta: 3000[39m
2024-11-22 02:35:08:358 - [32minfo[39m: [32mConectou ao banco de dados :)[39m
2024-11-22 02:35:08:358 - [32minfo[39m: [32mAplicação funcionando na porta: 3000[39m
2024-11-22 02:35:14:3514 - [32minfo[39m: [32mConectou ao banco de dados :)[39m
2024-11-22 02:35:14:3514 - [32minfo[39m: [32mAplicação funcionando na porta: 3000[39m
2024-11-22 02:35:18:3518 - [32minfo[39m: [32mConectou ao banco de dados :)[39m
2024-11-22 02:35:18:3518 - [32minfo[39m: [32mAplicação funcionando na porta: 3000[39m
2024-11-22 02:35:21:3521 - [32minfo[39m: [32mConectou ao banco de dados :)[39m
2024-11-22 02:35:21:3521 - [32minfo[39m: [32mAplicação funcionando na porta: 3000[39m
2024-11-22 02:35:35:3535 - [32minfo[39m: [32mConectou ao banco de dados :)[39m
2024-11-22 02:35:35:3535 - [32minfo[39m: [32mAplicação funcionando na porta: 3000[39m
2024-11-22 02:35:38:3538 - [32minfo[39m: [32mConectou ao banco de dados :)[39m
2024-11-22 02:35:38:3538 - [32minfo[39m: [32mAplicação funcionando na porta: 3000[39m
2024-11-22 02:35:46:3546 - [32minfo[39m: [32mConectou ao banco de dados :)[39m
2024-11-22 02:35:46:3546 - [32minfo[39m: [32mAplicação funcionando na porta: 3000[39m
2024-11-22 02:35:49:3549 - [32minfo[39m: [32mConectou ao banco de dados :)[39m
2024-11-22 02:35:49:3549 - [32minfo[39m: [32mAplicação funcionando na porta: 3000[39m
2024-11-22 02:35:52:3552 - [32minfo[39m: [32mConectou ao banco de dados :)[39m
2024-11-22 02:35:55:3555 - [32minfo[39m: [32mConectou ao banco de dados :)[39m
2024-11-22 02:35:55:3555 - [32minfo[39m: [32mAplicação funcionando na porta: 3000[39m
2024-11-22 02:36:53:3653 - [32minfo[39m: [32mConectou ao banco de dados :)[39m
2024-11-22 02:36:53:3653 - [32minfo[39m: [32mAplicação funcionando na porta: 3000[39m
2024-11-22 02:37:13:3713 - [32minfo[39m: [32mConectou ao banco de dados :)[39m
2024-11-22 02:37:13:3713 - [32minfo[39m: [32mAplicação funcionando na porta: 3000[39m
2024-11-22 02:37:15:3715 - [32minfo[39m: [32mConectou ao banco de dados :)[39m
2024-11-22 02:37:15:3715 - [32minfo[39m: [32mAplicação funcionando na porta: 3000[39m
2024-11-22 02:37:19:3719 - [32minfo[39m: [32mConectou ao banco de dados :)[39m
2024-11-22 02:37:19:3719 - [32minfo[39m: [32mAplicação funcionando na porta: 3000[39m
2024-11-22 02:37:27:3727 - [32minfo[39m: [32mConectou ao banco de dados :)[39m
2024-11-22 02:37:27:3727 - [32minfo[39m: [32mAplicação funcionando na porta: 3000[39m
2024-11-22 02:37:35:3735 - [32minfo[39m: [32mConectou ao banco de dados :)[39m
2024-11-22 02:37:35:3735 - [32minfo[39m: [32mAplicação funcionando na porta: 3000[39m
2024-11-22 02:39:44:3944 - [31merror[39m: [31mErro no sistema: Cast to ObjectId failed for value "6740167a9c48f74adba2b7es" (type string) at path "_id" for model "Movie"[39m
2024-11-22 02:39:54:3954 - [35mhttp[39m: [35mGET /api//movie/6740167a9c48f74adba2b7es - - - - ms[39m
[35m[39m
2024-11-22 02:40:08:408 - [31merror[39m: [31mErro no sistema: Cast to ObjectId failed for value "6740167a9c48f74adba2b7es" (type string) at path "_id" for model "Movie"[39m
2024-11-22 02:40:20:4020 - [35mhttp[39m: [35mGET /api/movie/6740167a9c48f74adba2b7es - - - - ms[39m
[35m[39m
2024-11-22 02:41:28:4128 - [32minfo[39m: [32mConectou ao banco de dados :)[39m
2024-11-22 02:41:28:4128 - [32minfo[39m: [32mAplicação funcionando na porta: 3000[39m
2024-11-22 02:41:53:4153 - [32minfo[39m: [32mConectou ao banco de dados :)[39m
2024-11-22 02:41:53:4153 - [32minfo[39m: [32mAplicação funcionando na porta: 3000[39m
2024-11-22 02:42:02:422 - [32minfo[39m: [32mErro no sistema: Cast to ObjectId failed for value "6740167a9c48f74adba2b7es" (type string) at path "_id" for model "Movie"[39m
2024-11-22 02:42:26:4226 - [35mhttp[39m: [35mGET /api/movie/6740167a9c48f74adba2b7es - - - - ms[39m
[35m[39m
2024-11-22 02:43:13:4313 - [32minfo[39m: [32mConectou ao banco de dados :)[39m
2024-11-22 02:43:13:4313 - [32minfo[39m: [32mAplicação funcionando na porta: 3000[39m
2024-11-22 02:43:35:4335 - [32minfo[39m: [32mConectou ao banco de dados :)[39m
2024-11-22 02:43:35:4335 - [32minfo[39m: [32mAplicação funcionando na porta: 3000[39m
2024-11-22 02:43:38:4338 - [32minfo[39m: [32mConectou ao banco de dados :)[39m
2024-11-22 02:43:38:4338 - [32minfo[39m: [32mAplicação funcionando na porta: 3000[39m
2024-11-22 02:43:41:4341 - [32minfo[39m: [32mConectou ao banco de dados :)[39m
2024-11-22 02:43:41:4341 - [32minfo[39m: [32mAplicação funcionando na porta: 3000[39m
2024-11-22 02:45:12:4512 - [32minfo[39m: [32mConectou ao banco de dados :)[39m
2024-11-22 02:45:12:4512 - [32minfo[39m: [32mAplicação funcionando na porta: 3000[39m
2024-11-22 02:47:27:4727 - [32minfo[39m: [32mConectou ao banco de dados :)[39m
2024-11-22 02:47:27:4727 - [32minfo[39m: [32mAplicação funcionando na porta: 3000[39m
2024-11-22 02:48:33:4833 - [35mhttp[39m: [35mGET /api//movie/6740167a9c48f74adba2b7 404 25 - 2.135 ms[39m
[35m[39m
2024-11-22 02:48:42:4842 - [35mhttp[39m: [35mGET /api//movie/6740167a9c48f74adba2b7es 404 25 - 0.854 ms[39m
[35m[39m
2024-11-22 02:48:58:4858 - [35mhttp[39m: [35mGET /api//movie/6840167a9c48f74adba2b7ed 404 32 - 26.263 ms[39m
[35m[39m
2024-11-22 02:49:38:4938 - [32minfo[39m: [32mConectou ao banco de dados :)[39m
2024-11-22 02:49:38:4938 - [32minfo[39m: [32mAplicação funcionando na porta: 3000[39m
2024-11-22 02:49:44:4944 - [32minfo[39m: [32mConectou ao banco de dados :)[39m
2024-11-22 02:49:44:4944 - [32minfo[39m: [32mAplicação funcionando na porta: 3000[39m
2024-11-22 02:49:49:4949 - [32minfo[39m: [32mConectou ao banco de dados :)[39m
2024-11-22 02:49:49:4949 - [32minfo[39m: [32mAplicação funcionando na porta: 3000[39m
2024-11-22 02:49:52:4952 - [32minfo[39m: [32mConectou ao banco de dados :)[39m
2024-11-22 02:49:52:4952 - [32minfo[39m: [32mAplicação funcionando na porta: 3000[39m
2024-11-22 02:49:54:4954 - [32minfo[39m: [32mConectou ao banco de dados :)[39m
2024-11-22 02:49:54:4954 - [32minfo[39m: [32mAplicação funcionando na porta: 3000[39m
2024-11-22 02:49:57:4957 - [32minfo[39m: [32mConectou ao banco de dados :)[39m
2024-11-22 02:49:57:4957 - [32minfo[39m: [32mAplicação funcionando na porta: 3000[39m
2024-11-22 02:50:03:503 - [32minfo[39m: [32mConectou ao banco de dados :)[39m
2024-11-22 02:50:03:503 - [32minfo[39m: [32mAplicação funcionando na porta: 3000[39m
2024-11-22 02:50:07:507 - [35mhttp[39m: [35mGET /api//movie/6740167a9c48f74adba2b7ed 200 334 - 26.697 ms[39m
[35m[39m
2024-11-22 02:50:31:5031 - [32minfo[39m: [32mConectou ao banco de dados :)[39m
2024-11-22 02:50:31:5031 - [32minfo[39m: [32mAplicação funcionando na porta: 3000[39m
2024-11-22 02:50:33:5033 - [32minfo[39m: [32mConectou ao banco de dados :)[39m
2024-11-22 02:50:33:5033 - [32minfo[39m: [32mAplicação funcionando na porta: 3000[39m
2024-11-22 02:50:44:5044 - [32minfo[39m: [32mConectou ao banco de dados :)[39m
2024-11-22 02:50:44:5044 - [32minfo[39m: [32mAplicação funcionando na porta: 3000[39m
2024-11-22 02:50:51:5051 - [32minfo[39m: [32mConectou ao banco de dados :)[39m
2024-11-22 02:50:51:5051 - [32minfo[39m: [32mAplicação funcionando na porta: 3000[39m
2024-11-22 02:50:54:5054 - [32minfo[39m: [32mConectou ao banco de dados :)[39m
2024-11-22 02:50:54:5054 - [32minfo[39m: [32mAplicação funcionando na porta: 3000[39m
2024-11-22 02:50:59:5059 - [32minfo[39m: [32mConectou ao banco de dados :)[39m
2024-11-22 02:50:59:5059 - [32minfo[39m: [32mAplicação funcionando na porta: 3000[39m
2024-11-22 02:51:06:516 - [32minfo[39m: [32mConectou ao banco de dados :)[39m
2024-11-22 02:51:06:516 - [32minfo[39m: [32mAplicação funcionando na porta: 3000[39m
2024-11-22 02:51:10:5110 - [32minfo[39m: [32mConectou ao banco de dados :)[39m
2024-11-22 02:51:10:5110 - [32minfo[39m: [32mAplicação funcionando na porta: 3000[39m
2024-11-22 02:51:25:5125 - [32minfo[39m: [32mConectou ao banco de dados :)[39m
2024-11-22 02:51:25:5125 - [32minfo[39m: [32mAplicação funcionando na porta: 3000[39m
2024-11-22 02:51:38:5138 - [32minfo[39m: [32mConectou ao banco de dados :)[39m
2024-11-22 02:51:38:5138 - [32minfo[39m: [32mAplicação funcionando na porta: 3000[39m
2024-11-22 02:51:42:5142 - [32minfo[39m: [32mConectou ao banco de dados :)[39m
2024-11-22 02:51:42:5142 - [32minfo[39m: [32mAplicação funcionando na porta: 3000[39m
2024-11-22 02:51:58:5158 - [32minfo[39m: [32mConectou ao banco de dados :)[39m
2024-11-22 02:51:58:5158 - [32minfo[39m: [32mAplicação funcionando na porta: 3000[39m
2024-11-22 02:52:02:522 - [32minfo[39m: [32mConectou ao banco de dados :)[39m
2024-11-22 02:52:02:522 - [32minfo[39m: [32mAplicação funcionando na porta: 3000[39m
2024-11-22 02:52:07:527 - [32minfo[39m: [32mConectou ao banco de dados :)[39m
2024-11-22 02:52:07:527 - [32minfo[39m: [32mAplicação funcionando na porta: 3000[39m
2024-11-22 02:52:09:529 - [32minfo[39m: [32mConectou ao banco de dados :)[39m
2024-11-22 02:52:09:529 - [32minfo[39m: [32mAplicação funcionando na porta: 3000[39m
2024-11-22 02:52:10:5210 - [32minfo[39m: [32mConectou ao banco de dados :)[39m
2024-11-22 02:52:10:5210 - [32minfo[39m: [32mAplicação funcionando na porta: 3000[39m
2024-11-22 02:52:13:5213 - [32minfo[39m: [32mConectou ao banco de dados :)[39m
2024-11-22 02:52:13:5213 - [32minfo[39m: [32mAplicação funcionando na porta: 3000[39m
2024-11-22 02:52:16:5216 - [32minfo[39m: [32mConectou ao banco de dados :)[39m
2024-11-22 02:52:16:5216 - [32minfo[39m: [32mAplicação funcionando na porta: 3000[39m
2024-11-22 02:52:27:5227 - [32minfo[39m: [32mConectou ao banco de dados :)[39m
2024-11-22 02:52:27:5227 - [32minfo[39m: [32mAplicação funcionando na porta: 3000[39m
2024-11-22 02:52:44:5244 - [32minfo[39m: [32mConectou ao banco de dados :)[39m
2024-11-22 02:52:44:5244 - [32minfo[39m: [32mAplicação funcionando na porta: 3000[39m
2024-11-22 02:52:51:5251 - [32minfo[39m: [32mConectou ao banco de dados :)[39m
2024-11-22 02:52:51:5251 - [32minfo[39m: [32mAplicação funcionando na porta: 3000[39m
2024-11-22 02:53:11:5311 - [32minfo[39m: [32mConectou ao banco de dados :)[39m
2024-11-22 02:53:11:5311 - [32minfo[39m: [32mAplicação funcionando na porta: 3000[39m
2024-11-22 02:53:19:5319 - [32minfo[39m: [32mConectou ao banco de dados :)[39m
2024-11-22 02:53:19:5319 - [32minfo[39m: [32mAplicação funcionando na porta: 3000[39m
2024-11-22 02:53:39:5339 - [32minfo[39m: [32mConectou ao banco de dados :)[39m
2024-11-22 02:53:39:5339 - [32minfo[39m: [32mAplicação funcionando na porta: 3000[39m
2024-11-22 02:54:04:544 - [32minfo[39m: [32mConectou ao banco de dados :)[39m
2024-11-22 02:54:04:544 - [32minfo[39m: [32mAplicação funcionando na porta: 3000[39m
2024-11-22 02:54:32:5432 - [35mhttp[39m: [35mGET /api//movies 200 644 - 27.180 ms[39m
[35m[39m
2024-11-22 02:55:12:5512 - [32minfo[39m: [32mConectou ao banco de dados :)[39m
2024-11-22 02:55:12:5512 - [32minfo[39m: [32mAplicação funcionando na porta: 3000[39m
2024-11-22 02:55:18:5518 - [32minfo[39m: [32mConectou ao banco de dados :)[39m
2024-11-22 02:55:18:5518 - [32minfo[39m: [32mAplicação funcionando na porta: 3000[39m
2024-11-22 02:55:21:5521 - [32minfo[39m: [32mConectou ao banco de dados :)[39m
2024-11-22 02:55:21:5521 - [32minfo[39m: [32mAplicação funcionando na porta: 3000[39m
2024-11-22 02:55:31:5531 - [32minfo[39m: [32mConectou ao banco de dados :)[39m
2024-11-22 02:55:31:5531 - [32minfo[39m: [32mAplicação funcionando na porta: 3000[39m
2024-11-22 02:57:06:576 - [32minfo[39m: [32mConectou ao banco de dados :)[39m
2024-11-22 02:57:06:576 - [32minfo[39m: [32mAplicação funcionando na porta: 3000[39m
2024-11-22 02:57:08:578 - [32minfo[39m: [32mConectou ao banco de dados :)[39m
2024-11-22 02:57:08:578 - [32minfo[39m: [32mAplicação funcionando na porta: 3000[39m
2024-11-22 02:57:11:5711 - [32minfo[39m: [32mConectou ao banco de dados :)[39m
2024-11-22 02:57:11:5711 - [32minfo[39m: [32mAplicação funcionando na porta: 3000[39m
2024-11-22 02:57:13:5713 - [32minfo[39m: [32mConectou ao banco de dados :)[39m
2024-11-22 02:57:13:5713 - [32minfo[39m: [32mAplicação funcionando na porta: 3000[39m
2024-11-22 02:57:16:5716 - [32minfo[39m: [32mConectou ao banco de dados :)[39m
2024-11-22 02:57:16:5716 - [32minfo[39m: [32mAplicação funcionando na porta: 3000[39m
2024-11-22 02:57:17:5717 - [32minfo[39m: [32mConectou ao banco de dados :)[39m
2024-11-22 02:57:17:5717 - [32minfo[39m: [32mAplicação funcionando na porta: 3000[39m
2024-11-22 02:57:25:5725 - [32minfo[39m: [32mConectou ao banco de dados :)[39m
2024-11-22 02:57:25:5725 - [32minfo[39m: [32mAplicação funcionando na porta: 3000[39m
2024-11-22 02:57:40:5740 - [32minfo[39m: [32mConectou ao banco de dados :)[39m
2024-11-22 02:57:40:5740 - [32minfo[39m: [32mAplicação funcionando na porta: 3000[39m
2024-11-22 02:57:42:5742 - [32minfo[39m: [32mConectou ao banco de dados :)[39m
2024-11-22 02:57:42:5742 - [32minfo[39m: [32mAplicação funcionando na porta: 3000[39m
2024-11-22 02:58:00:580 - [32minfo[39m: [32mConectou ao banco de dados :)[39m
2024-11-22 02:58:00:580 - [32minfo[39m: [32mAplicação funcionando na porta: 3000[39m
2024-11-22 02:58:02:582 - [32minfo[39m: [32mConectou ao banco de dados :)[39m
2024-11-22 02:58:02:582 - [32minfo[39m: [32mAplicação funcionando na porta: 3000[39m
2024-11-22 02:58:06:586 - [32minfo[39m: [32mConectou ao banco de dados :)[39m
2024-11-22 02:58:06:586 - [32minfo[39m: [32mAplicação funcionando na porta: 3000[39m
2024-11-22 02:58:28:5828 - [32minfo[39m: [32mConectou ao banco de dados :)[39m
2024-11-22 02:58:28:5828 - [32minfo[39m: [32mAplicação funcionando na porta: 3000[39m
2024-11-22 02:58:31:5831 - [32minfo[39m: [32mConectou ao banco de dados :)[39m
2024-11-22 02:58:31:5831 - [32minfo[39m: [32mAplicação funcionando na porta: 3000[39m
2024-11-22 02:58:34:5834 - [32minfo[39m: [32mConectou ao banco de dados :)[39m
2024-11-22 02:58:34:5834 - [32minfo[39m: [32mAplicação funcionando na porta: 3000[39m
2024-11-22 02:58:44:5844 - [32minfo[39m: [32mConectou ao banco de dados :)[39m
2024-11-22 02:58:44:5844 - [32minfo[39m: [32mAplicação funcionando na porta: 3000[39m
2024-11-22 02:58:47:5847 - [32minfo[39m: [32mConectou ao banco de dados :)[39m
2024-11-22 02:58:47:5847 - [32minfo[39m: [32mAplicação funcionando na porta: 3000[39m
2024-11-22 02:58:50:5850 - [32minfo[39m: [32mConectou ao banco de dados :)[39m
2024-11-22 02:58:50:5850 - [32minfo[39m: [32mAplicação funcionando na porta: 3000[39m
2024-11-22 03:00:04:04 - [32minfo[39m: [32mConectou ao banco de dados :)[39m
2024-11-22 03:00:04:04 - [32minfo[39m: [32mAplicação funcionando na porta: 3000[39m
2024-11-22 03:00:14:014 - [32minfo[39m: [32mConectou ao banco de dados :)[39m
2024-11-22 03:00:14:014 - [32minfo[39m: [32mAplicação funcionando na porta: 3000[39m
2024-11-22 03:00:31:031 - [32minfo[39m: [32mConectou ao banco de dados :)[39m
2024-11-22 03:00:31:031 - [32minfo[39m: [32mAplicação funcionando na porta: 3000[39m
2024-11-22 03:00:34:034 - [32minfo[39m: [32mConectou ao banco de dados :)[39m
2024-11-22 03:00:34:034 - [32minfo[39m: [32mAplicação funcionando na porta: 3000[39m
2024-11-22 03:00:35:035 - [32minfo[39m: [32mConectou ao banco de dados :)[39m
2024-11-22 03:00:35:035 - [32minfo[39m: [32mAplicação funcionando na porta: 3000[39m
2024-11-22 03:00:47:047 - [32minfo[39m: [32mConectou ao banco de dados :)[39m
2024-11-22 03:00:47:047 - [32minfo[39m: [32mAplicação funcionando na porta: 3000[39m
2024-11-22 03:01:01:11 - [32minfo[39m: [32mConectou ao banco de dados :)[39m
2024-11-22 03:01:01:11 - [32minfo[39m: [32mAplicação funcionando na porta: 3000[39m
2024-11-22 03:01:06:16 - [32minfo[39m: [32mConectou ao banco de dados :)[39m
2024-11-22 03:01:06:16 - [32minfo[39m: [32mAplicação funcionando na porta: 3000[39m
2024-11-22 03:02:17:217 - [35mhttp[39m: [35mGET /api//movies/614011708731442d23d5edd7 404 175 - 2.266 ms[39m
[35m[39m
2024-11-22 03:02:27:227 - [35mhttp[39m: [35mGET /api//movies/ 200 644 - 31.957 ms[39m
[35m[39m
2024-11-22 03:02:38:238 - [35mhttp[39m: [35mDELETE /api/movie/674011708731442d23d5edd7 - - - - ms[39m
[35m[39m
2024-11-22 03:02:48:248 - [35mhttp[39m: [35mDELETE /api/movie/614011708731442d23d5edd7 404 32 - 18.415 ms[39m
[35m[39m
2024-11-22 03:03:52:352 - [32minfo[39m: [32mConectou ao banco de dados :)[39m
2024-11-22 03:03:52:352 - [32minfo[39m: [32mAplicação funcionando na porta: 3000[39m
2024-11-22 03:03:55:355 - [32minfo[39m: [32mConectou ao banco de dados :)[39m
2024-11-22 03:03:55:355 - [32minfo[39m: [32mAplicação funcionando na porta: 3000[39m
2024-11-22 03:03:58:358 - [32minfo[39m: [32mConectou ao banco de dados :)[39m
2024-11-22 03:03:58:358 - [32minfo[39m: [32mAplicação funcionando na porta: 3000[39m
2024-11-22 03:04:07:47 - [32minfo[39m: [32mConectou ao banco de dados :)[39m
2024-11-22 03:04:07:47 - [32minfo[39m: [32mAplicação funcionando na porta: 3000[39m
2024-11-22 03:04:13:413 - [32minfo[39m: [32mConectou ao banco de dados :)[39m
2024-11-22 03:04:13:413 - [32minfo[39m: [32mAplicação funcionando na porta: 3000[39m
2024-11-22 03:04:18:418 - [35mhttp[39m: [35mDELETE /api/movie/674011708731442d23d5edd7 404 32 - 28.915 ms[39m
[35m[39m
2024-11-22 03:04:25:425 - [35mhttp[39m: [35mGET /api//movies/ 200 492 - 25.344 ms[39m
[35m[39m
2024-11-22 03:04:40:440 - [35mhttp[39m: [35mDELETE /api/movie/67400ec30e6eac4d8490a942 200 36 - 35.756 ms[39m
[35m[39m
2024-11-22 03:05:39:539 - [32minfo[39m: [32mConectou ao banco de dados :)[39m
2024-11-22 03:05:39:539 - [32minfo[39m: [32mAplicação funcionando na porta: 3000[39m
2024-11-22 03:05:44:544 - [32minfo[39m: [32mConectou ao banco de dados :)[39m
2024-11-22 03:05:44:544 - [32minfo[39m: [32mAplicação funcionando na porta: 3000[39m
2024-11-22 03:05:46:546 - [32minfo[39m: [32mConectou ao banco de dados :)[39m
2024-11-22 03:05:46:546 - [32minfo[39m: [32mAplicação funcionando na porta: 3000[39m
2024-11-22 03:05:50:550 - [32minfo[39m: [32mConectou ao banco de dados :)[39m
2024-11-22 03:05:50:550 - [32minfo[39m: [32mAplicação funcionando na porta: 3000[39m
2024-11-22 03:05:59:559 - [32minfo[39m: [32mConectou ao banco de dados :)[39m
2024-11-22 03:05:59:559 - [32minfo[39m: [32mAplicação funcionando na porta: 3000[39m
2024-11-22 03:06:28:628 - [32minfo[39m: [32mConectou ao banco de dados :)[39m
2024-11-22 03:06:28:628 - [32minfo[39m: [32mAplicação funcionando na porta: 3000[39m
2024-11-22 03:06:32:632 - [32minfo[39m: [32mConectou ao banco de dados :)[39m
2024-11-22 03:06:32:632 - [32minfo[39m: [32mAplicação funcionando na porta: 3000[39m
2024-11-22 03:06:52:652 - [32minfo[39m: [32mConectou ao banco de dados :)[39m
2024-11-22 03:06:52:652 - [32minfo[39m: [32mAplicação funcionando na porta: 3000[39m
2024-11-22 03:07:21:721 - [32minfo[39m: [32mConectou ao banco de dados :)[39m
2024-11-22 03:07:21:721 - [32minfo[39m: [32mAplicação funcionando na porta: 3000[39m
2024-11-22 03:07:29:729 - [32minfo[39m: [32mConectou ao banco de dados :)[39m
2024-11-22 03:07:29:729 - [32minfo[39m: [32mAplicação funcionando na porta: 3000[39m
2024-11-22 03:07:32:732 - [32minfo[39m: [32mConectou ao banco de dados :)[39m
2024-11-22 03:07:32:732 - [32minfo[39m: [32mAplicação funcionando na porta: 3000[39m
2024-11-22 03:07:34:734 - [32minfo[39m: [32mConectou ao banco de dados :)[39m
2024-11-22 03:07:34:734 - [32minfo[39m: [32mAplicação funcionando na porta: 3000[39m
2024-11-22 03:07:37:737 - [32minfo[39m: [32mConectou ao banco de dados :)[39m
2024-11-22 03:07:37:737 - [32minfo[39m: [32mAplicação funcionando na porta: 3000[39m
2024-11-22 03:07:42:742 - [32minfo[39m: [32mConectou ao banco de dados :)[39m
2024-11-22 03:07:42:742 - [32minfo[39m: [32mAplicação funcionando na porta: 3000[39m
2024-11-22 03:08:51:851 - [35mhttp[39m: [35mPATCH /api/update/movie/67400ec30e6eac4d8490a942 404 32 - 123.441 ms[39m
[35m[39m
2024-11-22 03:09:25:925 - [32minfo[39m: [32mConectou ao banco de dados :)[39m
2024-11-22 03:09:25:925 - [32minfo[39m: [32mAplicação funcionando na porta: 3000[39m
2024-11-22 03:09:28:928 - [32minfo[39m: [32mConectou ao banco de dados :)[39m
2024-11-22 03:09:28:928 - [32minfo[39m: [32mAplicação funcionando na porta: 3000[39m
2024-11-22 03:09:36:936 - [32minfo[39m: [32mConectou ao banco de dados :)[39m
2024-11-22 03:09:36:936 - [32minfo[39m: [32mAplicação funcionando na porta: 3000[39m
2024-11-22 03:10:00:100 - [32minfo[39m: [32mConectou ao banco de dados :)[39m
2024-11-22 03:10:00:100 - [32minfo[39m: [32mAplicação funcionando na porta: 3000[39m
2024-11-22 03:10:07:107 - [32minfo[39m: [32mConectou ao banco de dados :)[39m
2024-11-22 03:10:07:107 - [32minfo[39m: [32mAplicação funcionando na porta: 3000[39m
2024-11-22 03:10:27:1027 - [32minfo[39m: [32mConectou ao banco de dados :)[39m
2024-11-22 03:10:27:1027 - [32minfo[39m: [32mAplicação funcionando na porta: 3000[39m
2024-11-22 03:11:49:1149 - [35mhttp[39m: [35mPATCH /api/update/movie/67400ec30e6eac4d8490a942 404 32 - 24.792 ms[39m
[35m[39m
2024-11-22 03:12:06:126 - [35mhttp[39m: [35mPATCH /api/update/movie/6740167a9c48f74adba2b7ed 200 230 - 47.848 ms[39m
[35m[39m
2024-11-22 03:13:03:133 - [32minfo[39m: [32mConectou ao banco de dados :)[39m
2024-11-22 03:13:03:133 - [32minfo[39m: [32mAplicação funcionando na porta: 3000[39m
2024-11-22 03:13:05:135 - [32minfo[39m: [32mConectou ao banco de dados :)[39m
2024-11-22 03:13:05:135 - [32minfo[39m: [32mAplicação funcionando na porta: 3000[39m
2024-11-22 03:13:21:1321 - [35mhttp[39m: [35mPATCH /api/update/movie/6740167a9c48f74adba2b7ed 422 54 - 10.608 ms[39m
[35m[39m
2024-11-22 03:13:55:1355 - [35mhttp[39m: [35mPATCH /api/update/movie/6740167a9c48f74adba2b7ed 200 230 - 53.523 ms[39m
[35m[39m
